[trace:] [2022-12-01 22:45:25.082] [background-preinit] [WARN] org.springframework.http.converter.json.Jackson2ObjectMapperBuilder:127 x:() - For Jackson Kotlin classes support please add "com.fasterxml.jackson.module:jackson-module-kotlin" to the classpath
[trace:] [2022-12-01 22:45:26.274] [main] [WARN] com.alibaba.dubbo.config.spring.beans.factory.annotation.ServiceAnnotationBeanPostProcessor:265 x:() -  [DUBBO] The BeanDefinition[Root bean: class [com.alibaba.dubbo.config.spring.ServiceBean]; scope=; abstract=false; lazyInit=null; autowireMode=0; dependencyCheck=0; autowireCandidate=true; primary=false; factoryBeanName=null; factoryMethodName=null; initMethodName=null; destroyMethodName=null] of ServiceBean has been registered with name : ServiceBean:accountRepositoryImpl:com.rany.uic.domain.repository.AccountRepository, dubbo version: 2.6.2, current host: 169.254.242.62
[trace:] [2022-12-01 22:45:26.276] [main] [WARN] com.alibaba.dubbo.config.spring.beans.factory.annotation.ServiceAnnotationBeanPostProcessor:265 x:() -  [DUBBO] The BeanDefinition[Root bean: class [com.alibaba.dubbo.config.spring.ServiceBean]; scope=; abstract=false; lazyInit=null; autowireMode=0; dependencyCheck=0; autowireCandidate=true; primary=false; factoryBeanName=null; factoryMethodName=null; initMethodName=null; destroyMethodName=null] of ServiceBean has been registered with name : ServiceBean:isvRemoteServiceProvider:com.rany.uic.api.facade.isv.IsvFacade, dubbo version: 2.6.2, current host: 169.254.242.62
[trace:] [2022-12-01 22:45:26.296] [main] [WARN] com.alibaba.dubbo.config.spring.beans.factory.annotation.ServiceAnnotationBeanPostProcessor:272 x:() -  [DUBBO] The Duplicated BeanDefinition[Root bean: class [com.alibaba.dubbo.config.spring.ServiceBean]; scope=; abstract=false; lazyInit=null; autowireMode=0; dependencyCheck=0; autowireCandidate=true; primary=false; factoryBeanName=null; factoryMethodName=null; initMethodName=null; destroyMethodName=null] of ServiceBean[ bean name : ServiceBean:accountRepositoryImpl:com.rany.uic.domain.repository.AccountRepository] was be found , Did @DubboComponentScan scan to same package in many times?, dubbo version: 2.6.2, current host: 169.254.242.62
[trace:] [2022-12-01 22:45:26.297] [main] [WARN] com.alibaba.dubbo.config.spring.beans.factory.annotation.ServiceAnnotationBeanPostProcessor:272 x:() -  [DUBBO] The Duplicated BeanDefinition[Root bean: class [com.alibaba.dubbo.config.spring.ServiceBean]; scope=; abstract=false; lazyInit=null; autowireMode=0; dependencyCheck=0; autowireCandidate=true; primary=false; factoryBeanName=null; factoryMethodName=null; initMethodName=null; destroyMethodName=null] of ServiceBean[ bean name : ServiceBean:isvRemoteServiceProvider:com.rany.uic.api.facade.isv.IsvFacade] was be found , Did @DubboComponentScan scan to same package in many times?, dubbo version: 2.6.2, current host: 169.254.242.62
[trace:] [2022-12-01 22:45:27.358] [main] [WARN] org.springframework.web.context.support.GenericWebApplicationContext:558 x:() - Exception encountered during context initialization - cancelling refresh attempt: org.springframework.beans.factory.UnsatisfiedDependencyException: Error creating bean with name 'accountServiceImpl': Unsatisfied dependency expressed through field 'baseMapper'; nested exception is org.springframework.beans.factory.UnsatisfiedDependencyException: Error creating bean with name 'accountMapper' defined in file [/Users/tutu/workspace/uic/uic-dao/target/classes/com/rany/uic/dao/mapper/AccountMapper.class]: Unsatisfied dependency expressed through bean property 'sqlSessionFactory'; nested exception is org.springframework.beans.factory.UnsatisfiedDependencyException: Error creating bean with name 'sqlSessionFactory' defined in class path resource [com/baomidou/mybatisplus/autoconfigure/MybatisPlusAutoConfiguration.class]: Unsatisfied dependency expressed through method 'sqlSessionFactory' parameter 0; nested exception is org.springframework.beans.factory.BeanCreationException: Error creating bean with name 'dataSource' defined in class path resource [com/alibaba/druid/spring/boot/autoconfigure/DruidDataSourceAutoConfigure.class]: Invocation of init method failed; nested exception is java.sql.SQLNonTransientConnectionException: Public Key Retrieval is not allowed
[trace:] [2022-12-01 22:51:06.293] [background-preinit] [WARN] org.springframework.http.converter.json.Jackson2ObjectMapperBuilder:127 x:() - For Jackson Kotlin classes support please add "com.fasterxml.jackson.module:jackson-module-kotlin" to the classpath
[trace:] [2022-12-01 22:51:07.793] [main] [WARN] com.alibaba.dubbo.config.spring.beans.factory.annotation.ServiceAnnotationBeanPostProcessor:265 x:() -  [DUBBO] The BeanDefinition[Root bean: class [com.alibaba.dubbo.config.spring.ServiceBean]; scope=; abstract=false; lazyInit=null; autowireMode=0; dependencyCheck=0; autowireCandidate=true; primary=false; factoryBeanName=null; factoryMethodName=null; initMethodName=null; destroyMethodName=null] of ServiceBean has been registered with name : ServiceBean:accountRepositoryImpl:com.rany.uic.domain.repository.AccountRepository, dubbo version: 2.6.2, current host: 169.254.56.164
[trace:] [2022-12-01 22:51:07.797] [main] [WARN] com.alibaba.dubbo.config.spring.beans.factory.annotation.ServiceAnnotationBeanPostProcessor:265 x:() -  [DUBBO] The BeanDefinition[Root bean: class [com.alibaba.dubbo.config.spring.ServiceBean]; scope=; abstract=false; lazyInit=null; autowireMode=0; dependencyCheck=0; autowireCandidate=true; primary=false; factoryBeanName=null; factoryMethodName=null; initMethodName=null; destroyMethodName=null] of ServiceBean has been registered with name : ServiceBean:isvRemoteServiceProvider:com.rany.uic.api.facade.isv.IsvFacade, dubbo version: 2.6.2, current host: 169.254.56.164
[trace:] [2022-12-01 22:51:07.841] [main] [WARN] com.alibaba.dubbo.config.spring.beans.factory.annotation.ServiceAnnotationBeanPostProcessor:272 x:() -  [DUBBO] The Duplicated BeanDefinition[Root bean: class [com.alibaba.dubbo.config.spring.ServiceBean]; scope=; abstract=false; lazyInit=null; autowireMode=0; dependencyCheck=0; autowireCandidate=true; primary=false; factoryBeanName=null; factoryMethodName=null; initMethodName=null; destroyMethodName=null] of ServiceBean[ bean name : ServiceBean:accountRepositoryImpl:com.rany.uic.domain.repository.AccountRepository] was be found , Did @DubboComponentScan scan to same package in many times?, dubbo version: 2.6.2, current host: 169.254.56.164
[trace:] [2022-12-01 22:51:07.844] [main] [WARN] com.alibaba.dubbo.config.spring.beans.factory.annotation.ServiceAnnotationBeanPostProcessor:272 x:() -  [DUBBO] The Duplicated BeanDefinition[Root bean: class [com.alibaba.dubbo.config.spring.ServiceBean]; scope=; abstract=false; lazyInit=null; autowireMode=0; dependencyCheck=0; autowireCandidate=true; primary=false; factoryBeanName=null; factoryMethodName=null; initMethodName=null; destroyMethodName=null] of ServiceBean[ bean name : ServiceBean:isvRemoteServiceProvider:com.rany.uic.api.facade.isv.IsvFacade] was be found , Did @DubboComponentScan scan to same package in many times?, dubbo version: 2.6.2, current host: 169.254.56.164
[trace:] [2022-12-01 22:51:09.322] [main] [WARN] org.springframework.web.context.support.GenericWebApplicationContext:558 x:() - Exception encountered during context initialization - cancelling refresh attempt: org.springframework.beans.factory.UnsatisfiedDependencyException: Error creating bean with name 'accountServiceImpl': Unsatisfied dependency expressed through field 'baseMapper'; nested exception is org.springframework.beans.factory.UnsatisfiedDependencyException: Error creating bean with name 'accountMapper' defined in file [/Users/tutu/workspace/uic/uic-dao/target/classes/com/rany/uic/dao/mapper/AccountMapper.class]: Unsatisfied dependency expressed through bean property 'sqlSessionFactory'; nested exception is org.springframework.beans.factory.UnsatisfiedDependencyException: Error creating bean with name 'sqlSessionFactory' defined in class path resource [com/baomidou/mybatisplus/autoconfigure/MybatisPlusAutoConfiguration.class]: Unsatisfied dependency expressed through method 'sqlSessionFactory' parameter 0; nested exception is org.springframework.beans.factory.BeanCreationException: Error creating bean with name 'dataSource' defined in class path resource [com/alibaba/druid/spring/boot/autoconfigure/DruidDataSourceAutoConfigure.class]: Invocation of init method failed; nested exception is java.sql.SQLNonTransientConnectionException: Public Key Retrieval is not allowed
[trace:] [2022-12-01 22:51:53.590] [background-preinit] [WARN] org.springframework.http.converter.json.Jackson2ObjectMapperBuilder:127 x:() - For Jackson Kotlin classes support please add "com.fasterxml.jackson.module:jackson-module-kotlin" to the classpath
[trace:] [2022-12-01 22:51:55.148] [main] [WARN] com.alibaba.dubbo.config.spring.beans.factory.annotation.ServiceAnnotationBeanPostProcessor:265 x:() -  [DUBBO] The BeanDefinition[Root bean: class [com.alibaba.dubbo.config.spring.ServiceBean]; scope=; abstract=false; lazyInit=null; autowireMode=0; dependencyCheck=0; autowireCandidate=true; primary=false; factoryBeanName=null; factoryMethodName=null; initMethodName=null; destroyMethodName=null] of ServiceBean has been registered with name : ServiceBean:accountRepositoryImpl:com.rany.uic.domain.repository.AccountRepository, dubbo version: 2.6.2, current host: 172.20.10.9
[trace:] [2022-12-01 22:51:55.156] [main] [WARN] com.alibaba.dubbo.config.spring.beans.factory.annotation.ServiceAnnotationBeanPostProcessor:265 x:() -  [DUBBO] The BeanDefinition[Root bean: class [com.alibaba.dubbo.config.spring.ServiceBean]; scope=; abstract=false; lazyInit=null; autowireMode=0; dependencyCheck=0; autowireCandidate=true; primary=false; factoryBeanName=null; factoryMethodName=null; initMethodName=null; destroyMethodName=null] of ServiceBean has been registered with name : ServiceBean:isvRemoteServiceProvider:com.rany.uic.api.facade.isv.IsvFacade, dubbo version: 2.6.2, current host: 172.20.10.9
[trace:] [2022-12-01 22:51:55.271] [main] [WARN] com.alibaba.dubbo.config.spring.beans.factory.annotation.ServiceAnnotationBeanPostProcessor:272 x:() -  [DUBBO] The Duplicated BeanDefinition[Root bean: class [com.alibaba.dubbo.config.spring.ServiceBean]; scope=; abstract=false; lazyInit=null; autowireMode=0; dependencyCheck=0; autowireCandidate=true; primary=false; factoryBeanName=null; factoryMethodName=null; initMethodName=null; destroyMethodName=null] of ServiceBean[ bean name : ServiceBean:accountRepositoryImpl:com.rany.uic.domain.repository.AccountRepository] was be found , Did @DubboComponentScan scan to same package in many times?, dubbo version: 2.6.2, current host: 172.20.10.9
[trace:] [2022-12-01 22:51:55.275] [main] [WARN] com.alibaba.dubbo.config.spring.beans.factory.annotation.ServiceAnnotationBeanPostProcessor:272 x:() -  [DUBBO] The Duplicated BeanDefinition[Root bean: class [com.alibaba.dubbo.config.spring.ServiceBean]; scope=; abstract=false; lazyInit=null; autowireMode=0; dependencyCheck=0; autowireCandidate=true; primary=false; factoryBeanName=null; factoryMethodName=null; initMethodName=null; destroyMethodName=null] of ServiceBean[ bean name : ServiceBean:isvRemoteServiceProvider:com.rany.uic.api.facade.isv.IsvFacade] was be found , Did @DubboComponentScan scan to same package in many times?, dubbo version: 2.6.2, current host: 172.20.10.9
[trace:] [2022-12-01 22:52:00.601] [main] [WARN] com.alibaba.dubbo.config.AbstractConfig:592 x:() -  [DUBBO] zk-internal.qicheshenghuofuwu.cn, dubbo version: 2.6.2, current host: 172.20.10.9
java.net.UnknownHostException: zk-internal.qicheshenghuofuwu.cn
	at java.net.AbstractPlainSocketImpl.connect(AbstractPlainSocketImpl.java:196)
	at java.net.SocksSocketImpl.connect(SocksSocketImpl.java:394)
	at java.net.Socket.connect(Socket.java:606)
	at com.alibaba.dubbo.config.ServiceConfig.findConfigedHosts(ServiceConfig.java:582)
	at com.alibaba.dubbo.config.ServiceConfig.doExportUrlsFor1Protocol(ServiceConfig.java:470)
	at com.alibaba.dubbo.config.ServiceConfig.doExportUrls(ServiceConfig.java:358)
	at com.alibaba.dubbo.config.ServiceConfig.doExport(ServiceConfig.java:317)
	at com.alibaba.dubbo.config.ServiceConfig.export(ServiceConfig.java:216)
	at com.alibaba.dubbo.config.spring.ServiceBean.onApplicationEvent(ServiceBean.java:123)
	at com.alibaba.dubbo.config.spring.ServiceBean.onApplicationEvent(ServiceBean.java:49)
	at org.springframework.context.event.SimpleApplicationEventMulticaster.doInvokeListener(SimpleApplicationEventMulticaster.java:172)
	at org.springframework.context.event.SimpleApplicationEventMulticaster.invokeListener(SimpleApplicationEventMulticaster.java:165)
	at org.springframework.context.event.SimpleApplicationEventMulticaster.multicastEvent(SimpleApplicationEventMulticaster.java:139)
	at org.springframework.context.support.AbstractApplicationContext.publishEvent(AbstractApplicationContext.java:403)
	at org.springframework.context.support.AbstractApplicationContext.publishEvent(AbstractApplicationContext.java:360)
	at org.springframework.context.support.AbstractApplicationContext.finishRefresh(AbstractApplicationContext.java:897)
	at org.springframework.context.support.AbstractApplicationContext.refresh(AbstractApplicationContext.java:553)
	at org.springframework.boot.SpringApplication.refresh(SpringApplication.java:747)
	at org.springframework.boot.SpringApplication.refreshContext(SpringApplication.java:397)
	at org.springframework.boot.SpringApplication.run(SpringApplication.java:315)
	at org.springframework.boot.test.context.SpringBootContextLoader.loadContext(SpringBootContextLoader.java:126)
	at org.springframework.test.context.cache.DefaultCacheAwareContextLoaderDelegate.loadContextInternal(DefaultCacheAwareContextLoaderDelegate.java:99)
	at org.springframework.test.context.cache.DefaultCacheAwareContextLoaderDelegate.loadContext(DefaultCacheAwareContextLoaderDelegate.java:124)
	at org.springframework.test.context.support.DefaultTestContext.getApplicationContext(DefaultTestContext.java:123)
	at org.springframework.test.context.web.ServletTestExecutionListener.setUpRequestContextIfNecessary(ServletTestExecutionListener.java:190)
	at org.springframework.test.context.web.ServletTestExecutionListener.prepareTestInstance(ServletTestExecutionListener.java:132)
	at org.springframework.test.context.TestContextManager.prepareTestInstance(TestContextManager.java:244)
	at org.springframework.test.context.junit4.SpringJUnit4ClassRunner.createTest(SpringJUnit4ClassRunner.java:227)
	at org.springframework.test.context.junit4.SpringJUnit4ClassRunner$1.runReflectiveCall(SpringJUnit4ClassRunner.java:289)
	at org.junit.internal.runners.model.ReflectiveCallable.run(ReflectiveCallable.java:12)
	at org.springframework.test.context.junit4.SpringJUnit4ClassRunner.methodBlock(SpringJUnit4ClassRunner.java:291)
	at org.springframework.test.context.junit4.SpringJUnit4ClassRunner.runChild(SpringJUnit4ClassRunner.java:246)
	at org.springframework.test.context.junit4.SpringJUnit4ClassRunner.runChild(SpringJUnit4ClassRunner.java:97)
	at org.junit.runners.ParentRunner$3.run(ParentRunner.java:290)
	at org.junit.runners.ParentRunner$1.schedule(ParentRunner.java:71)
	at org.junit.runners.ParentRunner.runChildren(ParentRunner.java:288)
	at org.junit.runners.ParentRunner.access$000(ParentRunner.java:58)
	at org.junit.runners.ParentRunner$2.evaluate(ParentRunner.java:268)
	at org.springframework.test.context.junit4.statements.RunBeforeTestClassCallbacks.evaluate(RunBeforeTestClassCallbacks.java:61)
	at org.springframework.test.context.junit4.statements.RunAfterTestClassCallbacks.evaluate(RunAfterTestClassCallbacks.java:70)
	at org.junit.runners.ParentRunner.run(ParentRunner.java:363)
	at org.springframework.test.context.junit4.SpringJUnit4ClassRunner.run(SpringJUnit4ClassRunner.java:190)
	at org.junit.runner.JUnitCore.run(JUnitCore.java:137)
	at com.intellij.junit4.JUnit4IdeaTestRunner.startRunnerWithArgs(JUnit4IdeaTestRunner.java:69)
	at com.intellij.rt.junit.IdeaTestRunner$Repeater$1.execute(IdeaTestRunner.java:38)
	at com.intellij.rt.execution.junit.TestsRepeater.repeat(TestsRepeater.java:11)
	at com.intellij.rt.junit.IdeaTestRunner$Repeater.startRunnerWithArgs(IdeaTestRunner.java:35)
	at com.intellij.rt.junit.JUnitStarter.prepareStreamsAndStart(JUnitStarter.java:235)
	at com.intellij.rt.junit.JUnitStarter.main(JUnitStarter.java:54)
[trace:] [2022-12-01 22:52:45.404] [main] [WARN] org.springframework.beans.factory.support.DisposableBeanAdapter:267 x:() - Invocation of destroy method failed on bean with name 'tomcatMetricsBinder': java.lang.NullPointerException
[trace:] [2022-12-01 22:52:56.480] [DubboShutdownHook] [WARN] com.alibaba.dubbo.registry.zookeeper.ZookeeperRegistry:463 x:() -  [DUBBO] Failed to unregister url dubbo://172.20.10.9:20880/com.rany.uic.domain.repository.AccountRepository?anyhost=true&application=rany-uic-service&dubbo=2.6.2&generic=false&interface=com.rany.uic.domain.repository.AccountRepository&methods=find,save,remove&pid=2503&side=provider&timestamp=1669906320484 to registry zookeeper://zk-internal.qicheshenghuofuwu.cn:9090/com.alibaba.dubbo.registry.RegistryService?application=rany-uic-service&dubbo=2.6.2&interface=com.alibaba.dubbo.registry.RegistryService&pid=2503&timestamp=1669906320478 on destroy, cause: Failed to unregister dubbo://172.20.10.9:20880/com.rany.uic.domain.repository.AccountRepository?anyhost=true&application=rany-uic-service&dubbo=2.6.2&generic=false&interface=com.rany.uic.domain.repository.AccountRepository&methods=find,save,remove&pid=2503&side=provider&timestamp=1669906320484 to registry zk-internal.qicheshenghuofuwu.cn:9090, cause: Failed to unregister dubbo://172.20.10.9:20880/com.rany.uic.domain.repository.AccountRepository?anyhost=true&application=rany-uic-service&dubbo=2.6.2&generic=false&interface=com.rany.uic.domain.repository.AccountRepository&methods=find,save,remove&pid=2503&side=provider&timestamp=1669906320484 to zookeeper zookeeper://zk-internal.qicheshenghuofuwu.cn:9090/com.alibaba.dubbo.registry.RegistryService?application=rany-uic-service&dubbo=2.6.2&interface=com.alibaba.dubbo.registry.RegistryService&pid=2503&timestamp=1669906320478, cause: KeeperErrorCode = ConnectionLoss, dubbo version: 2.6.2, current host: 172.20.10.9
java.lang.IllegalStateException: Failed to unregister dubbo://172.20.10.9:20880/com.rany.uic.domain.repository.AccountRepository?anyhost=true&application=rany-uic-service&dubbo=2.6.2&generic=false&interface=com.rany.uic.domain.repository.AccountRepository&methods=find,save,remove&pid=2503&side=provider&timestamp=1669906320484 to registry zk-internal.qicheshenghuofuwu.cn:9090, cause: Failed to unregister dubbo://172.20.10.9:20880/com.rany.uic.domain.repository.AccountRepository?anyhost=true&application=rany-uic-service&dubbo=2.6.2&generic=false&interface=com.rany.uic.domain.repository.AccountRepository&methods=find,save,remove&pid=2503&side=provider&timestamp=1669906320484 to zookeeper zookeeper://zk-internal.qicheshenghuofuwu.cn:9090/com.alibaba.dubbo.registry.RegistryService?application=rany-uic-service&dubbo=2.6.2&interface=com.alibaba.dubbo.registry.RegistryService&pid=2503&timestamp=1669906320478, cause: KeeperErrorCode = ConnectionLoss
	at com.alibaba.dubbo.registry.support.FailbackRegistry.unregister(FailbackRegistry.java:174)
	at com.alibaba.dubbo.registry.support.AbstractRegistry.destroy(AbstractRegistry.java:458)
	at com.alibaba.dubbo.registry.support.FailbackRegistry.destroy(FailbackRegistry.java:437)
	at com.alibaba.dubbo.registry.zookeeper.ZookeeperRegistry.destroy(ZookeeperRegistry.java:103)
	at com.alibaba.dubbo.registry.support.AbstractRegistryFactory.destroyAll(AbstractRegistryFactory.java:71)
	at com.alibaba.dubbo.config.ProtocolConfig.destroyAll(ProtocolConfig.java:158)
	at com.alibaba.dubbo.config.AbstractConfig$1.run(AbstractConfig.java:83)
	at java.lang.Thread.run(Thread.java:748)
Caused by: com.alibaba.dubbo.rpc.RpcException: Failed to unregister dubbo://172.20.10.9:20880/com.rany.uic.domain.repository.AccountRepository?anyhost=true&application=rany-uic-service&dubbo=2.6.2&generic=false&interface=com.rany.uic.domain.repository.AccountRepository&methods=find,save,remove&pid=2503&side=provider&timestamp=1669906320484 to zookeeper zookeeper://zk-internal.qicheshenghuofuwu.cn:9090/com.alibaba.dubbo.registry.RegistryService?application=rany-uic-service&dubbo=2.6.2&interface=com.alibaba.dubbo.registry.RegistryService&pid=2503&timestamp=1669906320478, cause: KeeperErrorCode = ConnectionLoss
	at com.alibaba.dubbo.registry.zookeeper.ZookeeperRegistry.doUnregister(ZookeeperRegistry.java:125)
	at com.alibaba.dubbo.registry.support.FailbackRegistry.unregister(FailbackRegistry.java:161)
	... 7 common frames omitted
Caused by: java.lang.IllegalStateException: KeeperErrorCode = ConnectionLoss
	at com.alibaba.dubbo.remoting.zookeeper.curator.CuratorZookeeperClient.delete(CuratorZookeeperClient.java:99)
	at com.alibaba.dubbo.registry.zookeeper.ZookeeperRegistry.doUnregister(ZookeeperRegistry.java:123)
	... 8 common frames omitted
Caused by: org.apache.curator.CuratorConnectionLossException: KeeperErrorCode = ConnectionLoss
	at org.apache.curator.ConnectionState.checkTimeouts(ConnectionState.java:225)
	at org.apache.curator.ConnectionState.getZooKeeper(ConnectionState.java:94)
	at org.apache.curator.CuratorZookeeperClient.getZooKeeper(CuratorZookeeperClient.java:117)
	at org.apache.curator.framework.imps.CuratorFrameworkImpl.getZooKeeper(CuratorFrameworkImpl.java:489)
	at org.apache.curator.framework.imps.DeleteBuilderImpl$5.call(DeleteBuilderImpl.java:250)
	at org.apache.curator.framework.imps.DeleteBuilderImpl$5.call(DeleteBuilderImpl.java:244)
	at org.apache.curator.RetryLoop.callWithRetry(RetryLoop.java:109)
	at org.apache.curator.framework.imps.DeleteBuilderImpl.pathInForeground(DeleteBuilderImpl.java:241)
	at org.apache.curator.framework.imps.DeleteBuilderImpl.forPath(DeleteBuilderImpl.java:225)
	at org.apache.curator.framework.imps.DeleteBuilderImpl.forPath(DeleteBuilderImpl.java:35)
	at com.alibaba.dubbo.remoting.zookeeper.curator.CuratorZookeeperClient.delete(CuratorZookeeperClient.java:96)
	... 9 common frames omitted
[trace:] [2022-12-01 22:53:53.872] [background-preinit] [WARN] org.springframework.http.converter.json.Jackson2ObjectMapperBuilder:127 x:() - For Jackson Kotlin classes support please add "com.fasterxml.jackson.module:jackson-module-kotlin" to the classpath
[trace:] [2022-12-01 22:53:54.998] [main] [WARN] com.alibaba.dubbo.config.spring.beans.factory.annotation.ServiceAnnotationBeanPostProcessor:265 x:() -  [DUBBO] The BeanDefinition[Root bean: class [com.alibaba.dubbo.config.spring.ServiceBean]; scope=; abstract=false; lazyInit=null; autowireMode=0; dependencyCheck=0; autowireCandidate=true; primary=false; factoryBeanName=null; factoryMethodName=null; initMethodName=null; destroyMethodName=null] of ServiceBean has been registered with name : ServiceBean:isvRemoteServiceProvider:com.rany.uic.api.facade.isv.IsvFacade, dubbo version: 2.6.2, current host: 172.20.10.9
[trace:] [2022-12-01 22:53:55.016] [main] [WARN] com.alibaba.dubbo.config.spring.beans.factory.annotation.ServiceAnnotationBeanPostProcessor:272 x:() -  [DUBBO] The Duplicated BeanDefinition[Root bean: class [com.alibaba.dubbo.config.spring.ServiceBean]; scope=; abstract=false; lazyInit=null; autowireMode=0; dependencyCheck=0; autowireCandidate=true; primary=false; factoryBeanName=null; factoryMethodName=null; initMethodName=null; destroyMethodName=null] of ServiceBean[ bean name : ServiceBean:isvRemoteServiceProvider:com.rany.uic.api.facade.isv.IsvFacade] was be found , Did @DubboComponentScan scan to same package in many times?, dubbo version: 2.6.2, current host: 172.20.10.9
[trace:] [2022-12-01 22:53:58.619] [main] [WARN] com.alibaba.dubbo.config.AbstractConfig:592 x:() -  [DUBBO] zk-internal.qicheshenghuofuwu.cn, dubbo version: 2.6.2, current host: 172.20.10.9
java.net.UnknownHostException: zk-internal.qicheshenghuofuwu.cn
	at java.net.AbstractPlainSocketImpl.connect(AbstractPlainSocketImpl.java:196)
	at java.net.SocksSocketImpl.connect(SocksSocketImpl.java:394)
	at java.net.Socket.connect(Socket.java:606)
	at com.alibaba.dubbo.config.ServiceConfig.findConfigedHosts(ServiceConfig.java:582)
	at com.alibaba.dubbo.config.ServiceConfig.doExportUrlsFor1Protocol(ServiceConfig.java:470)
	at com.alibaba.dubbo.config.ServiceConfig.doExportUrls(ServiceConfig.java:358)
	at com.alibaba.dubbo.config.ServiceConfig.doExport(ServiceConfig.java:317)
	at com.alibaba.dubbo.config.ServiceConfig.export(ServiceConfig.java:216)
	at com.alibaba.dubbo.config.spring.ServiceBean.onApplicationEvent(ServiceBean.java:123)
	at com.alibaba.dubbo.config.spring.ServiceBean.onApplicationEvent(ServiceBean.java:49)
	at org.springframework.context.event.SimpleApplicationEventMulticaster.doInvokeListener(SimpleApplicationEventMulticaster.java:172)
	at org.springframework.context.event.SimpleApplicationEventMulticaster.invokeListener(SimpleApplicationEventMulticaster.java:165)
	at org.springframework.context.event.SimpleApplicationEventMulticaster.multicastEvent(SimpleApplicationEventMulticaster.java:139)
	at org.springframework.context.support.AbstractApplicationContext.publishEvent(AbstractApplicationContext.java:403)
	at org.springframework.context.support.AbstractApplicationContext.publishEvent(AbstractApplicationContext.java:360)
	at org.springframework.context.support.AbstractApplicationContext.finishRefresh(AbstractApplicationContext.java:897)
	at org.springframework.context.support.AbstractApplicationContext.refresh(AbstractApplicationContext.java:553)
	at org.springframework.boot.SpringApplication.refresh(SpringApplication.java:747)
	at org.springframework.boot.SpringApplication.refreshContext(SpringApplication.java:397)
	at org.springframework.boot.SpringApplication.run(SpringApplication.java:315)
	at org.springframework.boot.test.context.SpringBootContextLoader.loadContext(SpringBootContextLoader.java:126)
	at org.springframework.test.context.cache.DefaultCacheAwareContextLoaderDelegate.loadContextInternal(DefaultCacheAwareContextLoaderDelegate.java:99)
	at org.springframework.test.context.cache.DefaultCacheAwareContextLoaderDelegate.loadContext(DefaultCacheAwareContextLoaderDelegate.java:124)
	at org.springframework.test.context.support.DefaultTestContext.getApplicationContext(DefaultTestContext.java:123)
	at org.springframework.test.context.web.ServletTestExecutionListener.setUpRequestContextIfNecessary(ServletTestExecutionListener.java:190)
	at org.springframework.test.context.web.ServletTestExecutionListener.prepareTestInstance(ServletTestExecutionListener.java:132)
	at org.springframework.test.context.TestContextManager.prepareTestInstance(TestContextManager.java:244)
	at org.springframework.test.context.junit4.SpringJUnit4ClassRunner.createTest(SpringJUnit4ClassRunner.java:227)
	at org.springframework.test.context.junit4.SpringJUnit4ClassRunner$1.runReflectiveCall(SpringJUnit4ClassRunner.java:289)
	at org.junit.internal.runners.model.ReflectiveCallable.run(ReflectiveCallable.java:12)
	at org.springframework.test.context.junit4.SpringJUnit4ClassRunner.methodBlock(SpringJUnit4ClassRunner.java:291)
	at org.springframework.test.context.junit4.SpringJUnit4ClassRunner.runChild(SpringJUnit4ClassRunner.java:246)
	at org.springframework.test.context.junit4.SpringJUnit4ClassRunner.runChild(SpringJUnit4ClassRunner.java:97)
	at org.junit.runners.ParentRunner$3.run(ParentRunner.java:290)
	at org.junit.runners.ParentRunner$1.schedule(ParentRunner.java:71)
	at org.junit.runners.ParentRunner.runChildren(ParentRunner.java:288)
	at org.junit.runners.ParentRunner.access$000(ParentRunner.java:58)
	at org.junit.runners.ParentRunner$2.evaluate(ParentRunner.java:268)
	at org.springframework.test.context.junit4.statements.RunBeforeTestClassCallbacks.evaluate(RunBeforeTestClassCallbacks.java:61)
	at org.springframework.test.context.junit4.statements.RunAfterTestClassCallbacks.evaluate(RunAfterTestClassCallbacks.java:70)
	at org.junit.runners.ParentRunner.run(ParentRunner.java:363)
	at org.springframework.test.context.junit4.SpringJUnit4ClassRunner.run(SpringJUnit4ClassRunner.java:190)
	at org.junit.runner.JUnitCore.run(JUnitCore.java:137)
	at com.intellij.junit4.JUnit4IdeaTestRunner.startRunnerWithArgs(JUnit4IdeaTestRunner.java:69)
	at com.intellij.rt.junit.IdeaTestRunner$Repeater$1.execute(IdeaTestRunner.java:38)
	at com.intellij.rt.execution.junit.TestsRepeater.repeat(TestsRepeater.java:11)
	at com.intellij.rt.junit.IdeaTestRunner$Repeater.startRunnerWithArgs(IdeaTestRunner.java:35)
	at com.intellij.rt.junit.JUnitStarter.prepareStreamsAndStart(JUnitStarter.java:235)
	at com.intellij.rt.junit.JUnitStarter.main(JUnitStarter.java:54)
[trace:] [2022-12-01 22:54:43.482] [main] [WARN] org.springframework.beans.factory.support.DisposableBeanAdapter:267 x:() - Invocation of destroy method failed on bean with name 'tomcatMetricsBinder': java.lang.NullPointerException
[trace:] [2022-12-01 22:54:54.548] [DubboShutdownHook] [WARN] com.alibaba.dubbo.registry.zookeeper.ZookeeperRegistry:463 x:() -  [DUBBO] Failed to unregister url dubbo://172.20.10.9:20880/com.rany.uic.api.facade.isv.IsvFacade?anyhost=true&application=rany-uic-service&dubbo=2.6.2&generic=false&interface=com.rany.uic.api.facade.isv.IsvFacade&methods=createIsv,deleteIsv&pid=2596&side=provider&timestamp=1669906438581 to registry zookeeper://zk-internal.qicheshenghuofuwu.cn:9090/com.alibaba.dubbo.registry.RegistryService?application=rany-uic-service&dubbo=2.6.2&interface=com.alibaba.dubbo.registry.RegistryService&pid=2596&timestamp=1669906438576 on destroy, cause: Failed to unregister dubbo://172.20.10.9:20880/com.rany.uic.api.facade.isv.IsvFacade?anyhost=true&application=rany-uic-service&dubbo=2.6.2&generic=false&interface=com.rany.uic.api.facade.isv.IsvFacade&methods=createIsv,deleteIsv&pid=2596&side=provider&timestamp=1669906438581 to registry zk-internal.qicheshenghuofuwu.cn:9090, cause: Failed to unregister dubbo://172.20.10.9:20880/com.rany.uic.api.facade.isv.IsvFacade?anyhost=true&application=rany-uic-service&dubbo=2.6.2&generic=false&interface=com.rany.uic.api.facade.isv.IsvFacade&methods=createIsv,deleteIsv&pid=2596&side=provider&timestamp=1669906438581 to zookeeper zookeeper://zk-internal.qicheshenghuofuwu.cn:9090/com.alibaba.dubbo.registry.RegistryService?application=rany-uic-service&dubbo=2.6.2&interface=com.alibaba.dubbo.registry.RegistryService&pid=2596&timestamp=1669906438576, cause: KeeperErrorCode = ConnectionLoss, dubbo version: 2.6.2, current host: 172.20.10.9
java.lang.IllegalStateException: Failed to unregister dubbo://172.20.10.9:20880/com.rany.uic.api.facade.isv.IsvFacade?anyhost=true&application=rany-uic-service&dubbo=2.6.2&generic=false&interface=com.rany.uic.api.facade.isv.IsvFacade&methods=createIsv,deleteIsv&pid=2596&side=provider&timestamp=1669906438581 to registry zk-internal.qicheshenghuofuwu.cn:9090, cause: Failed to unregister dubbo://172.20.10.9:20880/com.rany.uic.api.facade.isv.IsvFacade?anyhost=true&application=rany-uic-service&dubbo=2.6.2&generic=false&interface=com.rany.uic.api.facade.isv.IsvFacade&methods=createIsv,deleteIsv&pid=2596&side=provider&timestamp=1669906438581 to zookeeper zookeeper://zk-internal.qicheshenghuofuwu.cn:9090/com.alibaba.dubbo.registry.RegistryService?application=rany-uic-service&dubbo=2.6.2&interface=com.alibaba.dubbo.registry.RegistryService&pid=2596&timestamp=1669906438576, cause: KeeperErrorCode = ConnectionLoss
	at com.alibaba.dubbo.registry.support.FailbackRegistry.unregister(FailbackRegistry.java:174)
	at com.alibaba.dubbo.registry.support.AbstractRegistry.destroy(AbstractRegistry.java:458)
	at com.alibaba.dubbo.registry.support.FailbackRegistry.destroy(FailbackRegistry.java:437)
	at com.alibaba.dubbo.registry.zookeeper.ZookeeperRegistry.destroy(ZookeeperRegistry.java:103)
	at com.alibaba.dubbo.registry.support.AbstractRegistryFactory.destroyAll(AbstractRegistryFactory.java:71)
	at com.alibaba.dubbo.config.ProtocolConfig.destroyAll(ProtocolConfig.java:158)
	at com.alibaba.dubbo.config.AbstractConfig$1.run(AbstractConfig.java:83)
	at java.lang.Thread.run(Thread.java:748)
Caused by: com.alibaba.dubbo.rpc.RpcException: Failed to unregister dubbo://172.20.10.9:20880/com.rany.uic.api.facade.isv.IsvFacade?anyhost=true&application=rany-uic-service&dubbo=2.6.2&generic=false&interface=com.rany.uic.api.facade.isv.IsvFacade&methods=createIsv,deleteIsv&pid=2596&side=provider&timestamp=1669906438581 to zookeeper zookeeper://zk-internal.qicheshenghuofuwu.cn:9090/com.alibaba.dubbo.registry.RegistryService?application=rany-uic-service&dubbo=2.6.2&interface=com.alibaba.dubbo.registry.RegistryService&pid=2596&timestamp=1669906438576, cause: KeeperErrorCode = ConnectionLoss
	at com.alibaba.dubbo.registry.zookeeper.ZookeeperRegistry.doUnregister(ZookeeperRegistry.java:125)
	at com.alibaba.dubbo.registry.support.FailbackRegistry.unregister(FailbackRegistry.java:161)
	... 7 common frames omitted
Caused by: java.lang.IllegalStateException: KeeperErrorCode = ConnectionLoss
	at com.alibaba.dubbo.remoting.zookeeper.curator.CuratorZookeeperClient.delete(CuratorZookeeperClient.java:99)
	at com.alibaba.dubbo.registry.zookeeper.ZookeeperRegistry.doUnregister(ZookeeperRegistry.java:123)
	... 8 common frames omitted
Caused by: org.apache.curator.CuratorConnectionLossException: KeeperErrorCode = ConnectionLoss
	at org.apache.curator.ConnectionState.checkTimeouts(ConnectionState.java:225)
	at org.apache.curator.ConnectionState.getZooKeeper(ConnectionState.java:94)
	at org.apache.curator.CuratorZookeeperClient.getZooKeeper(CuratorZookeeperClient.java:117)
	at org.apache.curator.framework.imps.CuratorFrameworkImpl.getZooKeeper(CuratorFrameworkImpl.java:489)
	at org.apache.curator.framework.imps.DeleteBuilderImpl$5.call(DeleteBuilderImpl.java:250)
	at org.apache.curator.framework.imps.DeleteBuilderImpl$5.call(DeleteBuilderImpl.java:244)
	at org.apache.curator.RetryLoop.callWithRetry(RetryLoop.java:109)
	at org.apache.curator.framework.imps.DeleteBuilderImpl.pathInForeground(DeleteBuilderImpl.java:241)
	at org.apache.curator.framework.imps.DeleteBuilderImpl.forPath(DeleteBuilderImpl.java:225)
	at org.apache.curator.framework.imps.DeleteBuilderImpl.forPath(DeleteBuilderImpl.java:35)
	at com.alibaba.dubbo.remoting.zookeeper.curator.CuratorZookeeperClient.delete(CuratorZookeeperClient.java:96)
	... 9 common frames omitted
[trace:] [2022-12-01 22:57:07.831] [background-preinit] [WARN] org.springframework.http.converter.json.Jackson2ObjectMapperBuilder:127 x:() - For Jackson Kotlin classes support please add "com.fasterxml.jackson.module:jackson-module-kotlin" to the classpath
[trace:] [2022-12-01 22:57:09.283] [main] [WARN] com.alibaba.dubbo.config.spring.beans.factory.annotation.ServiceAnnotationBeanPostProcessor:265 x:() -  [DUBBO] The BeanDefinition[Root bean: class [com.alibaba.dubbo.config.spring.ServiceBean]; scope=; abstract=false; lazyInit=null; autowireMode=0; dependencyCheck=0; autowireCandidate=true; primary=false; factoryBeanName=null; factoryMethodName=null; initMethodName=null; destroyMethodName=null] of ServiceBean has been registered with name : ServiceBean:isvRemoteServiceProvider:com.rany.uic.api.facade.isv.IsvFacade, dubbo version: 2.6.2, current host: 172.20.10.9
[trace:] [2022-12-01 22:57:09.303] [main] [WARN] com.alibaba.dubbo.config.spring.beans.factory.annotation.ServiceAnnotationBeanPostProcessor:272 x:() -  [DUBBO] The Duplicated BeanDefinition[Root bean: class [com.alibaba.dubbo.config.spring.ServiceBean]; scope=; abstract=false; lazyInit=null; autowireMode=0; dependencyCheck=0; autowireCandidate=true; primary=false; factoryBeanName=null; factoryMethodName=null; initMethodName=null; destroyMethodName=null] of ServiceBean[ bean name : ServiceBean:isvRemoteServiceProvider:com.rany.uic.api.facade.isv.IsvFacade] was be found , Did @DubboComponentScan scan to same package in many times?, dubbo version: 2.6.2, current host: 172.20.10.9
[trace:] [2022-12-01 22:57:51.439] [background-preinit] [WARN] org.springframework.http.converter.json.Jackson2ObjectMapperBuilder:127 x:() - For Jackson Kotlin classes support please add "com.fasterxml.jackson.module:jackson-module-kotlin" to the classpath
[trace:] [2022-12-01 22:57:52.529] [main] [WARN] com.alibaba.dubbo.config.spring.beans.factory.annotation.ServiceAnnotationBeanPostProcessor:265 x:() -  [DUBBO] The BeanDefinition[Root bean: class [com.alibaba.dubbo.config.spring.ServiceBean]; scope=; abstract=false; lazyInit=null; autowireMode=0; dependencyCheck=0; autowireCandidate=true; primary=false; factoryBeanName=null; factoryMethodName=null; initMethodName=null; destroyMethodName=null] of ServiceBean has been registered with name : ServiceBean:isvRemoteServiceProvider:com.rany.uic.api.facade.isv.IsvFacade, dubbo version: 2.6.2, current host: 172.20.10.9
[trace:] [2022-12-01 22:57:52.548] [main] [WARN] com.alibaba.dubbo.config.spring.beans.factory.annotation.ServiceAnnotationBeanPostProcessor:272 x:() -  [DUBBO] The Duplicated BeanDefinition[Root bean: class [com.alibaba.dubbo.config.spring.ServiceBean]; scope=; abstract=false; lazyInit=null; autowireMode=0; dependencyCheck=0; autowireCandidate=true; primary=false; factoryBeanName=null; factoryMethodName=null; initMethodName=null; destroyMethodName=null] of ServiceBean[ bean name : ServiceBean:isvRemoteServiceProvider:com.rany.uic.api.facade.isv.IsvFacade] was be found , Did @DubboComponentScan scan to same package in many times?, dubbo version: 2.6.2, current host: 172.20.10.9
[trace:] [2022-12-01 22:57:53.051] [main] [WARN] org.springframework.web.context.support.GenericWebApplicationContext:558 x:() - Exception encountered during context initialization - cancelling refresh attempt: org.springframework.beans.factory.BeanCreationException: Error creating bean with name 'accountDomainService': Injection of resource dependencies failed; nested exception is org.springframework.beans.factory.NoSuchBeanDefinitionException: No qualifying bean of type 'com.rany.uic.domain.repository.AccountRepository' available: expected at least 1 bean which qualifies as autowire candidate. Dependency annotations: {@javax.annotation.Resource(shareable=true, lookup=, name=, description=, authenticationType=CONTAINER, type=class java.lang.Object, mappedName=)}
[trace:] [2022-12-01 22:58:52.777] [background-preinit] [WARN] org.springframework.http.converter.json.Jackson2ObjectMapperBuilder:127 x:() - For Jackson Kotlin classes support please add "com.fasterxml.jackson.module:jackson-module-kotlin" to the classpath
[trace:] [2022-12-01 22:58:53.915] [main] [WARN] com.alibaba.dubbo.config.spring.beans.factory.annotation.ServiceAnnotationBeanPostProcessor:265 x:() -  [DUBBO] The BeanDefinition[Root bean: class [com.alibaba.dubbo.config.spring.ServiceBean]; scope=; abstract=false; lazyInit=null; autowireMode=0; dependencyCheck=0; autowireCandidate=true; primary=false; factoryBeanName=null; factoryMethodName=null; initMethodName=null; destroyMethodName=null] of ServiceBean has been registered with name : ServiceBean:isvRemoteServiceProvider:com.rany.uic.api.facade.isv.IsvFacade, dubbo version: 2.6.2, current host: 172.20.10.9
[trace:] [2022-12-01 22:58:53.939] [main] [WARN] com.alibaba.dubbo.config.spring.beans.factory.annotation.ServiceAnnotationBeanPostProcessor:272 x:() -  [DUBBO] The Duplicated BeanDefinition[Root bean: class [com.alibaba.dubbo.config.spring.ServiceBean]; scope=; abstract=false; lazyInit=null; autowireMode=0; dependencyCheck=0; autowireCandidate=true; primary=false; factoryBeanName=null; factoryMethodName=null; initMethodName=null; destroyMethodName=null] of ServiceBean[ bean name : ServiceBean:isvRemoteServiceProvider:com.rany.uic.api.facade.isv.IsvFacade] was be found , Did @DubboComponentScan scan to same package in many times?, dubbo version: 2.6.2, current host: 172.20.10.9
[trace:] [2022-12-01 23:00:11.796] [background-preinit] [WARN] org.springframework.http.converter.json.Jackson2ObjectMapperBuilder:127 x:() - For Jackson Kotlin classes support please add "com.fasterxml.jackson.module:jackson-module-kotlin" to the classpath
[trace:] [2022-12-01 23:00:12.960] [main] [WARN] com.alibaba.dubbo.config.spring.beans.factory.annotation.ServiceAnnotationBeanPostProcessor:265 x:() -  [DUBBO] The BeanDefinition[Root bean: class [com.alibaba.dubbo.config.spring.ServiceBean]; scope=; abstract=false; lazyInit=null; autowireMode=0; dependencyCheck=0; autowireCandidate=true; primary=false; factoryBeanName=null; factoryMethodName=null; initMethodName=null; destroyMethodName=null] of ServiceBean has been registered with name : ServiceBean:isvRemoteServiceProvider:com.rany.uic.api.facade.isv.IsvFacade, dubbo version: 2.6.2, current host: 172.20.10.9
[trace:] [2022-12-01 23:00:12.979] [main] [WARN] com.alibaba.dubbo.config.spring.beans.factory.annotation.ServiceAnnotationBeanPostProcessor:272 x:() -  [DUBBO] The Duplicated BeanDefinition[Root bean: class [com.alibaba.dubbo.config.spring.ServiceBean]; scope=; abstract=false; lazyInit=null; autowireMode=0; dependencyCheck=0; autowireCandidate=true; primary=false; factoryBeanName=null; factoryMethodName=null; initMethodName=null; destroyMethodName=null] of ServiceBean[ bean name : ServiceBean:isvRemoteServiceProvider:com.rany.uic.api.facade.isv.IsvFacade] was be found , Did @DubboComponentScan scan to same package in many times?, dubbo version: 2.6.2, current host: 172.20.10.9
[trace:] [2022-12-01 23:00:39.128] [background-preinit] [WARN] org.springframework.http.converter.json.Jackson2ObjectMapperBuilder:127 x:() - For Jackson Kotlin classes support please add "com.fasterxml.jackson.module:jackson-module-kotlin" to the classpath
[trace:] [2022-12-01 23:00:40.271] [main] [WARN] com.alibaba.dubbo.config.spring.beans.factory.annotation.ServiceAnnotationBeanPostProcessor:265 x:() -  [DUBBO] The BeanDefinition[Root bean: class [com.alibaba.dubbo.config.spring.ServiceBean]; scope=; abstract=false; lazyInit=null; autowireMode=0; dependencyCheck=0; autowireCandidate=true; primary=false; factoryBeanName=null; factoryMethodName=null; initMethodName=null; destroyMethodName=null] of ServiceBean has been registered with name : ServiceBean:isvRemoteServiceProvider:com.rany.uic.api.facade.isv.IsvFacade, dubbo version: 2.6.2, current host: 172.20.10.9
[trace:] [2022-12-01 23:00:40.293] [main] [WARN] com.alibaba.dubbo.config.spring.beans.factory.annotation.ServiceAnnotationBeanPostProcessor:272 x:() -  [DUBBO] The Duplicated BeanDefinition[Root bean: class [com.alibaba.dubbo.config.spring.ServiceBean]; scope=; abstract=false; lazyInit=null; autowireMode=0; dependencyCheck=0; autowireCandidate=true; primary=false; factoryBeanName=null; factoryMethodName=null; initMethodName=null; destroyMethodName=null] of ServiceBean[ bean name : ServiceBean:isvRemoteServiceProvider:com.rany.uic.api.facade.isv.IsvFacade] was be found , Did @DubboComponentScan scan to same package in many times?, dubbo version: 2.6.2, current host: 172.20.10.9
[trace:] [2022-12-01 23:01:37.259] [background-preinit] [WARN] org.springframework.http.converter.json.Jackson2ObjectMapperBuilder:127 x:() - For Jackson Kotlin classes support please add "com.fasterxml.jackson.module:jackson-module-kotlin" to the classpath
[trace:] [2022-12-01 23:01:38.651] [main] [WARN] com.alibaba.dubbo.config.spring.beans.factory.annotation.ServiceAnnotationBeanPostProcessor:265 x:() -  [DUBBO] The BeanDefinition[Root bean: class [com.alibaba.dubbo.config.spring.ServiceBean]; scope=; abstract=false; lazyInit=null; autowireMode=0; dependencyCheck=0; autowireCandidate=true; primary=false; factoryBeanName=null; factoryMethodName=null; initMethodName=null; destroyMethodName=null] of ServiceBean has been registered with name : ServiceBean:isvRemoteServiceProvider:com.rany.uic.api.facade.isv.IsvFacade, dubbo version: 2.6.2, current host: 172.20.10.9
[trace:] [2022-12-01 23:01:38.679] [main] [WARN] com.alibaba.dubbo.config.spring.beans.factory.annotation.ServiceAnnotationBeanPostProcessor:272 x:() -  [DUBBO] The Duplicated BeanDefinition[Root bean: class [com.alibaba.dubbo.config.spring.ServiceBean]; scope=; abstract=false; lazyInit=null; autowireMode=0; dependencyCheck=0; autowireCandidate=true; primary=false; factoryBeanName=null; factoryMethodName=null; initMethodName=null; destroyMethodName=null] of ServiceBean[ bean name : ServiceBean:isvRemoteServiceProvider:com.rany.uic.api.facade.isv.IsvFacade] was be found , Did @DubboComponentScan scan to same package in many times?, dubbo version: 2.6.2, current host: 172.20.10.9
[trace:] [2022-12-01 23:02:50.351] [background-preinit] [WARN] org.springframework.http.converter.json.Jackson2ObjectMapperBuilder:127 x:() - For Jackson Kotlin classes support please add "com.fasterxml.jackson.module:jackson-module-kotlin" to the classpath
[trace:] [2022-12-01 23:02:51.511] [main] [WARN] com.alibaba.dubbo.config.spring.beans.factory.annotation.ServiceAnnotationBeanPostProcessor:265 x:() -  [DUBBO] The BeanDefinition[Root bean: class [com.alibaba.dubbo.config.spring.ServiceBean]; scope=; abstract=false; lazyInit=null; autowireMode=0; dependencyCheck=0; autowireCandidate=true; primary=false; factoryBeanName=null; factoryMethodName=null; initMethodName=null; destroyMethodName=null] of ServiceBean has been registered with name : ServiceBean:isvRemoteServiceProvider:com.rany.uic.api.facade.isv.IsvFacade, dubbo version: 2.6.2, current host: 172.20.10.9
[trace:] [2022-12-01 23:02:51.529] [main] [WARN] com.alibaba.dubbo.config.spring.beans.factory.annotation.ServiceAnnotationBeanPostProcessor:272 x:() -  [DUBBO] The Duplicated BeanDefinition[Root bean: class [com.alibaba.dubbo.config.spring.ServiceBean]; scope=; abstract=false; lazyInit=null; autowireMode=0; dependencyCheck=0; autowireCandidate=true; primary=false; factoryBeanName=null; factoryMethodName=null; initMethodName=null; destroyMethodName=null] of ServiceBean[ bean name : ServiceBean:isvRemoteServiceProvider:com.rany.uic.api.facade.isv.IsvFacade] was be found , Did @DubboComponentScan scan to same package in many times?, dubbo version: 2.6.2, current host: 172.20.10.9
[trace:] [2022-12-01 23:04:30.633] [background-preinit] [WARN] org.springframework.http.converter.json.Jackson2ObjectMapperBuilder:127 x:() - For Jackson Kotlin classes support please add "com.fasterxml.jackson.module:jackson-module-kotlin" to the classpath
[trace:] [2022-12-01 23:04:31.783] [main] [WARN] com.alibaba.dubbo.config.spring.beans.factory.annotation.ServiceAnnotationBeanPostProcessor:265 x:() -  [DUBBO] The BeanDefinition[Root bean: class [com.alibaba.dubbo.config.spring.ServiceBean]; scope=; abstract=false; lazyInit=null; autowireMode=0; dependencyCheck=0; autowireCandidate=true; primary=false; factoryBeanName=null; factoryMethodName=null; initMethodName=null; destroyMethodName=null] of ServiceBean has been registered with name : ServiceBean:isvRemoteServiceProvider:com.rany.uic.api.facade.isv.IsvFacade, dubbo version: 2.6.2, current host: 172.20.10.9
[trace:] [2022-12-01 23:04:31.802] [main] [WARN] com.alibaba.dubbo.config.spring.beans.factory.annotation.ServiceAnnotationBeanPostProcessor:272 x:() -  [DUBBO] The Duplicated BeanDefinition[Root bean: class [com.alibaba.dubbo.config.spring.ServiceBean]; scope=; abstract=false; lazyInit=null; autowireMode=0; dependencyCheck=0; autowireCandidate=true; primary=false; factoryBeanName=null; factoryMethodName=null; initMethodName=null; destroyMethodName=null] of ServiceBean[ bean name : ServiceBean:isvRemoteServiceProvider:com.rany.uic.api.facade.isv.IsvFacade] was be found , Did @DubboComponentScan scan to same package in many times?, dubbo version: 2.6.2, current host: 172.20.10.9
[trace:] [2022-12-01 23:10:38.358] [background-preinit] [WARN] org.springframework.http.converter.json.Jackson2ObjectMapperBuilder:127 x:() - For Jackson Kotlin classes support please add "com.fasterxml.jackson.module:jackson-module-kotlin" to the classpath
[trace:] [2022-12-01 23:10:39.521] [main] [WARN] com.alibaba.dubbo.config.spring.beans.factory.annotation.ServiceAnnotationBeanPostProcessor:265 x:() -  [DUBBO] The BeanDefinition[Root bean: class [com.alibaba.dubbo.config.spring.ServiceBean]; scope=; abstract=false; lazyInit=null; autowireMode=0; dependencyCheck=0; autowireCandidate=true; primary=false; factoryBeanName=null; factoryMethodName=null; initMethodName=null; destroyMethodName=null] of ServiceBean has been registered with name : ServiceBean:isvRemoteServiceProvider:com.rany.uic.api.facade.isv.IsvFacade, dubbo version: 2.6.2, current host: 172.20.10.9
[trace:] [2022-12-01 23:10:39.540] [main] [WARN] com.alibaba.dubbo.config.spring.beans.factory.annotation.ServiceAnnotationBeanPostProcessor:272 x:() -  [DUBBO] The Duplicated BeanDefinition[Root bean: class [com.alibaba.dubbo.config.spring.ServiceBean]; scope=; abstract=false; lazyInit=null; autowireMode=0; dependencyCheck=0; autowireCandidate=true; primary=false; factoryBeanName=null; factoryMethodName=null; initMethodName=null; destroyMethodName=null] of ServiceBean[ bean name : ServiceBean:isvRemoteServiceProvider:com.rany.uic.api.facade.isv.IsvFacade] was be found , Did @DubboComponentScan scan to same package in many times?, dubbo version: 2.6.2, current host: 172.20.10.9
[trace:] [2022-12-01 23:11:38.680] [background-preinit] [WARN] org.springframework.http.converter.json.Jackson2ObjectMapperBuilder:127 x:() - For Jackson Kotlin classes support please add "com.fasterxml.jackson.module:jackson-module-kotlin" to the classpath
[trace:] [2022-12-01 23:11:39.790] [main] [WARN] com.alibaba.dubbo.config.spring.beans.factory.annotation.ServiceAnnotationBeanPostProcessor:265 x:() -  [DUBBO] The BeanDefinition[Root bean: class [com.alibaba.dubbo.config.spring.ServiceBean]; scope=; abstract=false; lazyInit=null; autowireMode=0; dependencyCheck=0; autowireCandidate=true; primary=false; factoryBeanName=null; factoryMethodName=null; initMethodName=null; destroyMethodName=null] of ServiceBean has been registered with name : ServiceBean:isvRemoteServiceProvider:com.rany.uic.api.facade.isv.IsvFacade, dubbo version: 2.6.2, current host: 172.20.10.9
[trace:] [2022-12-01 23:11:39.807] [main] [WARN] com.alibaba.dubbo.config.spring.beans.factory.annotation.ServiceAnnotationBeanPostProcessor:272 x:() -  [DUBBO] The Duplicated BeanDefinition[Root bean: class [com.alibaba.dubbo.config.spring.ServiceBean]; scope=; abstract=false; lazyInit=null; autowireMode=0; dependencyCheck=0; autowireCandidate=true; primary=false; factoryBeanName=null; factoryMethodName=null; initMethodName=null; destroyMethodName=null] of ServiceBean[ bean name : ServiceBean:isvRemoteServiceProvider:com.rany.uic.api.facade.isv.IsvFacade] was be found , Did @DubboComponentScan scan to same package in many times?, dubbo version: 2.6.2, current host: 172.20.10.9
[trace:] [2022-12-01 23:11:40.347] [main] [WARN] org.springframework.web.context.support.GenericWebApplicationContext:558 x:() - Exception encountered during context initialization - cancelling refresh attempt: org.springframework.beans.factory.BeanCreationException: Error creating bean with name 'accountRepositoryImpl': Injection of resource dependencies failed; nested exception is org.springframework.beans.factory.UnsatisfiedDependencyException: Error creating bean with name 'accountServiceImpl': Unsatisfied dependency expressed through field 'baseMapper'; nested exception is org.springframework.beans.factory.UnsatisfiedDependencyException: Error creating bean with name 'accountMapper' defined in file [/Users/tutu/workspace/uic/uic-dao/target/classes/com/rany/uic/dao/mapper/AccountMapper.class]: Unsatisfied dependency expressed through bean property 'sqlSessionFactory'; nested exception is org.springframework.beans.factory.BeanCreationException: Error creating bean with name 'com.baomidou.mybatisplus.autoconfigure.MybatisPlusAutoConfiguration': Bean instantiation via constructor failed; nested exception is org.springframework.beans.BeanInstantiationException: Failed to instantiate [com.baomidou.mybatisplus.autoconfigure.MybatisPlusAutoConfiguration$$EnhancerBySpringCGLIB$$c3db6311]: Constructor threw exception; nested exception is org.springframework.beans.factory.UnsatisfiedDependencyException: Error creating bean with name 'interceptor' defined in com.rany.uic.UicApplication: Unsatisfied dependency expressed through method 'interceptor' parameter 0; nested exception is org.springframework.beans.factory.BeanCurrentlyInCreationException: Error creating bean with name 'sqlSessionFactory': Requested bean is currently in creation: Is there an unresolvable circular reference?
[trace:] [2022-12-01 23:12:36.046] [background-preinit] [WARN] org.springframework.http.converter.json.Jackson2ObjectMapperBuilder:127 x:() - For Jackson Kotlin classes support please add "com.fasterxml.jackson.module:jackson-module-kotlin" to the classpath
[trace:] [2022-12-01 23:12:37.210] [main] [WARN] com.alibaba.dubbo.config.spring.beans.factory.annotation.ServiceAnnotationBeanPostProcessor:265 x:() -  [DUBBO] The BeanDefinition[Root bean: class [com.alibaba.dubbo.config.spring.ServiceBean]; scope=; abstract=false; lazyInit=null; autowireMode=0; dependencyCheck=0; autowireCandidate=true; primary=false; factoryBeanName=null; factoryMethodName=null; initMethodName=null; destroyMethodName=null] of ServiceBean has been registered with name : ServiceBean:isvRemoteServiceProvider:com.rany.uic.api.facade.isv.IsvFacade, dubbo version: 2.6.2, current host: 172.20.10.9
[trace:] [2022-12-01 23:12:37.231] [main] [WARN] com.alibaba.dubbo.config.spring.beans.factory.annotation.ServiceAnnotationBeanPostProcessor:272 x:() -  [DUBBO] The Duplicated BeanDefinition[Root bean: class [com.alibaba.dubbo.config.spring.ServiceBean]; scope=; abstract=false; lazyInit=null; autowireMode=0; dependencyCheck=0; autowireCandidate=true; primary=false; factoryBeanName=null; factoryMethodName=null; initMethodName=null; destroyMethodName=null] of ServiceBean[ bean name : ServiceBean:isvRemoteServiceProvider:com.rany.uic.api.facade.isv.IsvFacade] was be found , Did @DubboComponentScan scan to same package in many times?, dubbo version: 2.6.2, current host: 172.20.10.9
[trace:] [2022-12-01 23:12:37.981] [main] [WARN] org.springframework.web.context.support.GenericWebApplicationContext:558 x:() - Exception encountered during context initialization - cancelling refresh attempt: org.springframework.beans.factory.BeanCreationException: Error creating bean with name 'accountRepositoryImpl': Injection of resource dependencies failed; nested exception is org.springframework.beans.factory.UnsatisfiedDependencyException: Error creating bean with name 'accountServiceImpl': Unsatisfied dependency expressed through field 'baseMapper'; nested exception is org.springframework.beans.factory.UnsatisfiedDependencyException: Error creating bean with name 'accountMapper' defined in file [/Users/tutu/workspace/uic/uic-dao/target/classes/com/rany/uic/dao/mapper/AccountMapper.class]: Unsatisfied dependency expressed through bean property 'sqlSessionFactory'; nested exception is org.springframework.beans.factory.BeanCreationException: Error creating bean with name 'com.baomidou.mybatisplus.autoconfigure.MybatisPlusAutoConfiguration': Bean instantiation via constructor failed; nested exception is org.springframework.beans.BeanInstantiationException: Failed to instantiate [com.baomidou.mybatisplus.autoconfigure.MybatisPlusAutoConfiguration$$EnhancerBySpringCGLIB$$7c4f1cd8]: Constructor threw exception; nested exception is org.springframework.beans.factory.UnsatisfiedDependencyException: Error creating bean with name 'interceptor' defined in com.rany.uic.UicApplication: Unsatisfied dependency expressed through method 'interceptor' parameter 0; nested exception is org.springframework.beans.factory.BeanCurrentlyInCreationException: Error creating bean with name 'sqlSessionFactory': Requested bean is currently in creation: Is there an unresolvable circular reference?
[trace:] [2022-12-01 23:16:07.727] [background-preinit] [WARN] org.springframework.http.converter.json.Jackson2ObjectMapperBuilder:127 x:() - For Jackson Kotlin classes support please add "com.fasterxml.jackson.module:jackson-module-kotlin" to the classpath
[trace:] [2022-12-01 23:16:08.842] [main] [WARN] com.alibaba.dubbo.config.spring.beans.factory.annotation.ServiceAnnotationBeanPostProcessor:265 x:() -  [DUBBO] The BeanDefinition[Root bean: class [com.alibaba.dubbo.config.spring.ServiceBean]; scope=; abstract=false; lazyInit=null; autowireMode=0; dependencyCheck=0; autowireCandidate=true; primary=false; factoryBeanName=null; factoryMethodName=null; initMethodName=null; destroyMethodName=null] of ServiceBean has been registered with name : ServiceBean:isvRemoteServiceProvider:com.rany.uic.api.facade.isv.IsvFacade, dubbo version: 2.6.2, current host: 172.20.10.9
[trace:] [2022-12-01 23:16:08.866] [main] [WARN] com.alibaba.dubbo.config.spring.beans.factory.annotation.ServiceAnnotationBeanPostProcessor:272 x:() -  [DUBBO] The Duplicated BeanDefinition[Root bean: class [com.alibaba.dubbo.config.spring.ServiceBean]; scope=; abstract=false; lazyInit=null; autowireMode=0; dependencyCheck=0; autowireCandidate=true; primary=false; factoryBeanName=null; factoryMethodName=null; initMethodName=null; destroyMethodName=null] of ServiceBean[ bean name : ServiceBean:isvRemoteServiceProvider:com.rany.uic.api.facade.isv.IsvFacade] was be found , Did @DubboComponentScan scan to same package in many times?, dubbo version: 2.6.2, current host: 172.20.10.9
[trace:] [2022-12-01 23:16:09.366] [main] [WARN] org.springframework.web.context.support.GenericWebApplicationContext:558 x:() - Exception encountered during context initialization - cancelling refresh attempt: org.springframework.beans.factory.UnsatisfiedDependencyException: Error creating bean with name 'uicApplication': Unsatisfied dependency expressed through field 'interceptor'; nested exception is org.springframework.beans.factory.NoSuchBeanDefinitionException: No qualifying bean of type 'com.cake.framework.mybatis.DomainEventsInterceptor' available: expected at least 1 bean which qualifies as autowire candidate. Dependency annotations: {@org.springframework.beans.factory.annotation.Autowired(required=true)}
[trace:] [2022-12-01 23:22:11.219] [background-preinit] [WARN] org.springframework.http.converter.json.Jackson2ObjectMapperBuilder:127 x:() - For Jackson Kotlin classes support please add "com.fasterxml.jackson.module:jackson-module-kotlin" to the classpath
[trace:] [2022-12-01 23:22:12.351] [main] [WARN] com.alibaba.dubbo.config.spring.beans.factory.annotation.ServiceAnnotationBeanPostProcessor:265 x:() -  [DUBBO] The BeanDefinition[Root bean: class [com.alibaba.dubbo.config.spring.ServiceBean]; scope=; abstract=false; lazyInit=null; autowireMode=0; dependencyCheck=0; autowireCandidate=true; primary=false; factoryBeanName=null; factoryMethodName=null; initMethodName=null; destroyMethodName=null] of ServiceBean has been registered with name : ServiceBean:isvRemoteServiceProvider:com.rany.uic.api.facade.isv.IsvFacade, dubbo version: 2.6.2, current host: 172.20.10.9
[trace:] [2022-12-01 23:22:12.369] [main] [WARN] com.alibaba.dubbo.config.spring.beans.factory.annotation.ServiceAnnotationBeanPostProcessor:272 x:() -  [DUBBO] The Duplicated BeanDefinition[Root bean: class [com.alibaba.dubbo.config.spring.ServiceBean]; scope=; abstract=false; lazyInit=null; autowireMode=0; dependencyCheck=0; autowireCandidate=true; primary=false; factoryBeanName=null; factoryMethodName=null; initMethodName=null; destroyMethodName=null] of ServiceBean[ bean name : ServiceBean:isvRemoteServiceProvider:com.rany.uic.api.facade.isv.IsvFacade] was be found , Did @DubboComponentScan scan to same package in many times?, dubbo version: 2.6.2, current host: 172.20.10.9
[trace:] [2022-12-01 23:23:32.137] [background-preinit] [WARN] org.springframework.http.converter.json.Jackson2ObjectMapperBuilder:127 x:() - For Jackson Kotlin classes support please add "com.fasterxml.jackson.module:jackson-module-kotlin" to the classpath
[trace:] [2022-12-01 23:23:33.424] [main] [WARN] com.alibaba.dubbo.config.spring.beans.factory.annotation.ServiceAnnotationBeanPostProcessor:265 x:() -  [DUBBO] The BeanDefinition[Root bean: class [com.alibaba.dubbo.config.spring.ServiceBean]; scope=; abstract=false; lazyInit=null; autowireMode=0; dependencyCheck=0; autowireCandidate=true; primary=false; factoryBeanName=null; factoryMethodName=null; initMethodName=null; destroyMethodName=null] of ServiceBean has been registered with name : ServiceBean:isvRemoteServiceProvider:com.rany.uic.api.facade.isv.IsvFacade, dubbo version: 2.6.2, current host: 172.20.10.9
[trace:] [2022-12-01 23:23:33.455] [main] [WARN] com.alibaba.dubbo.config.spring.beans.factory.annotation.ServiceAnnotationBeanPostProcessor:272 x:() -  [DUBBO] The Duplicated BeanDefinition[Root bean: class [com.alibaba.dubbo.config.spring.ServiceBean]; scope=; abstract=false; lazyInit=null; autowireMode=0; dependencyCheck=0; autowireCandidate=true; primary=false; factoryBeanName=null; factoryMethodName=null; initMethodName=null; destroyMethodName=null] of ServiceBean[ bean name : ServiceBean:isvRemoteServiceProvider:com.rany.uic.api.facade.isv.IsvFacade] was be found , Did @DubboComponentScan scan to same package in many times?, dubbo version: 2.6.2, current host: 172.20.10.9
[trace:] [2022-12-01 23:23:58.219] [background-preinit] [WARN] org.springframework.http.converter.json.Jackson2ObjectMapperBuilder:127 x:() - For Jackson Kotlin classes support please add "com.fasterxml.jackson.module:jackson-module-kotlin" to the classpath
[trace:] [2022-12-01 23:23:59.302] [main] [WARN] com.alibaba.dubbo.config.spring.beans.factory.annotation.ServiceAnnotationBeanPostProcessor:265 x:() -  [DUBBO] The BeanDefinition[Root bean: class [com.alibaba.dubbo.config.spring.ServiceBean]; scope=; abstract=false; lazyInit=null; autowireMode=0; dependencyCheck=0; autowireCandidate=true; primary=false; factoryBeanName=null; factoryMethodName=null; initMethodName=null; destroyMethodName=null] of ServiceBean has been registered with name : ServiceBean:isvRemoteServiceProvider:com.rany.uic.api.facade.isv.IsvFacade, dubbo version: 2.6.2, current host: 172.20.10.9
[trace:] [2022-12-01 23:23:59.321] [main] [WARN] com.alibaba.dubbo.config.spring.beans.factory.annotation.ServiceAnnotationBeanPostProcessor:272 x:() -  [DUBBO] The Duplicated BeanDefinition[Root bean: class [com.alibaba.dubbo.config.spring.ServiceBean]; scope=; abstract=false; lazyInit=null; autowireMode=0; dependencyCheck=0; autowireCandidate=true; primary=false; factoryBeanName=null; factoryMethodName=null; initMethodName=null; destroyMethodName=null] of ServiceBean[ bean name : ServiceBean:isvRemoteServiceProvider:com.rany.uic.api.facade.isv.IsvFacade] was be found , Did @DubboComponentScan scan to same package in many times?, dubbo version: 2.6.2, current host: 172.20.10.9
[trace:] [2022-12-01 23:26:42.107] [background-preinit] [WARN] org.springframework.http.converter.json.Jackson2ObjectMapperBuilder:127 x:() - For Jackson Kotlin classes support please add "com.fasterxml.jackson.module:jackson-module-kotlin" to the classpath
[trace:] [2022-12-01 23:26:43.221] [main] [WARN] com.alibaba.dubbo.config.spring.beans.factory.annotation.ServiceAnnotationBeanPostProcessor:265 x:() -  [DUBBO] The BeanDefinition[Root bean: class [com.alibaba.dubbo.config.spring.ServiceBean]; scope=; abstract=false; lazyInit=null; autowireMode=0; dependencyCheck=0; autowireCandidate=true; primary=false; factoryBeanName=null; factoryMethodName=null; initMethodName=null; destroyMethodName=null] of ServiceBean has been registered with name : ServiceBean:isvRemoteServiceProvider:com.rany.uic.api.facade.isv.IsvFacade, dubbo version: 2.6.2, current host: 172.20.10.9
[trace:] [2022-12-01 23:26:43.241] [main] [WARN] com.alibaba.dubbo.config.spring.beans.factory.annotation.ServiceAnnotationBeanPostProcessor:272 x:() -  [DUBBO] The Duplicated BeanDefinition[Root bean: class [com.alibaba.dubbo.config.spring.ServiceBean]; scope=; abstract=false; lazyInit=null; autowireMode=0; dependencyCheck=0; autowireCandidate=true; primary=false; factoryBeanName=null; factoryMethodName=null; initMethodName=null; destroyMethodName=null] of ServiceBean[ bean name : ServiceBean:isvRemoteServiceProvider:com.rany.uic.api.facade.isv.IsvFacade] was be found , Did @DubboComponentScan scan to same package in many times?, dubbo version: 2.6.2, current host: 172.20.10.9
[trace:] [2022-12-01 23:27:37.717] [background-preinit] [WARN] org.springframework.http.converter.json.Jackson2ObjectMapperBuilder:127 x:() - For Jackson Kotlin classes support please add "com.fasterxml.jackson.module:jackson-module-kotlin" to the classpath
[trace:] [2022-12-01 23:27:38.971] [main] [WARN] com.alibaba.dubbo.config.spring.beans.factory.annotation.ServiceAnnotationBeanPostProcessor:265 x:() -  [DUBBO] The BeanDefinition[Root bean: class [com.alibaba.dubbo.config.spring.ServiceBean]; scope=; abstract=false; lazyInit=null; autowireMode=0; dependencyCheck=0; autowireCandidate=true; primary=false; factoryBeanName=null; factoryMethodName=null; initMethodName=null; destroyMethodName=null] of ServiceBean has been registered with name : ServiceBean:isvRemoteServiceProvider:com.rany.uic.api.facade.isv.IsvFacade, dubbo version: 2.6.2, current host: 172.20.10.9
[trace:] [2022-12-01 23:27:38.990] [main] [WARN] com.alibaba.dubbo.config.spring.beans.factory.annotation.ServiceAnnotationBeanPostProcessor:272 x:() -  [DUBBO] The Duplicated BeanDefinition[Root bean: class [com.alibaba.dubbo.config.spring.ServiceBean]; scope=; abstract=false; lazyInit=null; autowireMode=0; dependencyCheck=0; autowireCandidate=true; primary=false; factoryBeanName=null; factoryMethodName=null; initMethodName=null; destroyMethodName=null] of ServiceBean[ bean name : ServiceBean:isvRemoteServiceProvider:com.rany.uic.api.facade.isv.IsvFacade] was be found , Did @DubboComponentScan scan to same package in many times?, dubbo version: 2.6.2, current host: 172.20.10.9
[trace:] [2022-12-01 23:32:49.699] [background-preinit] [WARN] org.springframework.http.converter.json.Jackson2ObjectMapperBuilder:127 x:() - For Jackson Kotlin classes support please add "com.fasterxml.jackson.module:jackson-module-kotlin" to the classpath
[trace:] [2022-12-01 23:32:50.866] [main] [WARN] com.alibaba.dubbo.config.spring.beans.factory.annotation.ServiceAnnotationBeanPostProcessor:265 x:() -  [DUBBO] The BeanDefinition[Root bean: class [com.alibaba.dubbo.config.spring.ServiceBean]; scope=; abstract=false; lazyInit=null; autowireMode=0; dependencyCheck=0; autowireCandidate=true; primary=false; factoryBeanName=null; factoryMethodName=null; initMethodName=null; destroyMethodName=null] of ServiceBean has been registered with name : ServiceBean:isvRemoteServiceProvider:com.rany.uic.api.facade.isv.IsvFacade, dubbo version: 2.6.2, current host: 172.20.10.9
[trace:] [2022-12-01 23:32:50.890] [main] [WARN] com.alibaba.dubbo.config.spring.beans.factory.annotation.ServiceAnnotationBeanPostProcessor:272 x:() -  [DUBBO] The Duplicated BeanDefinition[Root bean: class [com.alibaba.dubbo.config.spring.ServiceBean]; scope=; abstract=false; lazyInit=null; autowireMode=0; dependencyCheck=0; autowireCandidate=true; primary=false; factoryBeanName=null; factoryMethodName=null; initMethodName=null; destroyMethodName=null] of ServiceBean[ bean name : ServiceBean:isvRemoteServiceProvider:com.rany.uic.api.facade.isv.IsvFacade] was be found , Did @DubboComponentScan scan to same package in many times?, dubbo version: 2.6.2, current host: 172.20.10.9
[trace:] [2022-12-01 23:34:17.781] [background-preinit] [WARN] org.springframework.http.converter.json.Jackson2ObjectMapperBuilder:127 x:() - For Jackson Kotlin classes support please add "com.fasterxml.jackson.module:jackson-module-kotlin" to the classpath
[trace:] [2022-12-01 23:34:18.991] [main] [WARN] com.alibaba.dubbo.config.spring.beans.factory.annotation.ServiceAnnotationBeanPostProcessor:265 x:() -  [DUBBO] The BeanDefinition[Root bean: class [com.alibaba.dubbo.config.spring.ServiceBean]; scope=; abstract=false; lazyInit=null; autowireMode=0; dependencyCheck=0; autowireCandidate=true; primary=false; factoryBeanName=null; factoryMethodName=null; initMethodName=null; destroyMethodName=null] of ServiceBean has been registered with name : ServiceBean:isvRemoteServiceProvider:com.rany.uic.api.facade.isv.IsvFacade, dubbo version: 2.6.2, current host: 172.20.10.9
[trace:] [2022-12-01 23:34:19.010] [main] [WARN] com.alibaba.dubbo.config.spring.beans.factory.annotation.ServiceAnnotationBeanPostProcessor:272 x:() -  [DUBBO] The Duplicated BeanDefinition[Root bean: class [com.alibaba.dubbo.config.spring.ServiceBean]; scope=; abstract=false; lazyInit=null; autowireMode=0; dependencyCheck=0; autowireCandidate=true; primary=false; factoryBeanName=null; factoryMethodName=null; initMethodName=null; destroyMethodName=null] of ServiceBean[ bean name : ServiceBean:isvRemoteServiceProvider:com.rany.uic.api.facade.isv.IsvFacade] was be found , Did @DubboComponentScan scan to same package in many times?, dubbo version: 2.6.2, current host: 172.20.10.9
[trace:] [2022-12-01 23:35:34.534] [background-preinit] [WARN] org.springframework.http.converter.json.Jackson2ObjectMapperBuilder:127 x:() - For Jackson Kotlin classes support please add "com.fasterxml.jackson.module:jackson-module-kotlin" to the classpath
[trace:] [2022-12-01 23:35:35.648] [main] [WARN] com.alibaba.dubbo.config.spring.beans.factory.annotation.ServiceAnnotationBeanPostProcessor:265 x:() -  [DUBBO] The BeanDefinition[Root bean: class [com.alibaba.dubbo.config.spring.ServiceBean]; scope=; abstract=false; lazyInit=null; autowireMode=0; dependencyCheck=0; autowireCandidate=true; primary=false; factoryBeanName=null; factoryMethodName=null; initMethodName=null; destroyMethodName=null] of ServiceBean has been registered with name : ServiceBean:isvRemoteServiceProvider:com.rany.uic.api.facade.isv.IsvFacade, dubbo version: 2.6.2, current host: 172.20.10.9
[trace:] [2022-12-01 23:35:35.668] [main] [WARN] com.alibaba.dubbo.config.spring.beans.factory.annotation.ServiceAnnotationBeanPostProcessor:272 x:() -  [DUBBO] The Duplicated BeanDefinition[Root bean: class [com.alibaba.dubbo.config.spring.ServiceBean]; scope=; abstract=false; lazyInit=null; autowireMode=0; dependencyCheck=0; autowireCandidate=true; primary=false; factoryBeanName=null; factoryMethodName=null; initMethodName=null; destroyMethodName=null] of ServiceBean[ bean name : ServiceBean:isvRemoteServiceProvider:com.rany.uic.api.facade.isv.IsvFacade] was be found , Did @DubboComponentScan scan to same package in many times?, dubbo version: 2.6.2, current host: 172.20.10.9
[trace:] [2022-12-01 23:36:31.090] [background-preinit] [WARN] org.springframework.http.converter.json.Jackson2ObjectMapperBuilder:127 x:() - For Jackson Kotlin classes support please add "com.fasterxml.jackson.module:jackson-module-kotlin" to the classpath
[trace:] [2022-12-01 23:36:32.210] [main] [WARN] com.alibaba.dubbo.config.spring.beans.factory.annotation.ServiceAnnotationBeanPostProcessor:265 x:() -  [DUBBO] The BeanDefinition[Root bean: class [com.alibaba.dubbo.config.spring.ServiceBean]; scope=; abstract=false; lazyInit=null; autowireMode=0; dependencyCheck=0; autowireCandidate=true; primary=false; factoryBeanName=null; factoryMethodName=null; initMethodName=null; destroyMethodName=null] of ServiceBean has been registered with name : ServiceBean:isvRemoteServiceProvider:com.rany.uic.api.facade.isv.IsvFacade, dubbo version: 2.6.2, current host: 172.20.10.9
[trace:] [2022-12-01 23:36:32.231] [main] [WARN] com.alibaba.dubbo.config.spring.beans.factory.annotation.ServiceAnnotationBeanPostProcessor:272 x:() -  [DUBBO] The Duplicated BeanDefinition[Root bean: class [com.alibaba.dubbo.config.spring.ServiceBean]; scope=; abstract=false; lazyInit=null; autowireMode=0; dependencyCheck=0; autowireCandidate=true; primary=false; factoryBeanName=null; factoryMethodName=null; initMethodName=null; destroyMethodName=null] of ServiceBean[ bean name : ServiceBean:isvRemoteServiceProvider:com.rany.uic.api.facade.isv.IsvFacade] was be found , Did @DubboComponentScan scan to same package in many times?, dubbo version: 2.6.2, current host: 172.20.10.9
[trace:] [2022-12-01 23:37:55.757] [background-preinit] [WARN] org.springframework.http.converter.json.Jackson2ObjectMapperBuilder:127 x:() - For Jackson Kotlin classes support please add "com.fasterxml.jackson.module:jackson-module-kotlin" to the classpath
[trace:] [2022-12-01 23:37:56.958] [main] [WARN] com.alibaba.dubbo.config.spring.beans.factory.annotation.ServiceAnnotationBeanPostProcessor:265 x:() -  [DUBBO] The BeanDefinition[Root bean: class [com.alibaba.dubbo.config.spring.ServiceBean]; scope=; abstract=false; lazyInit=null; autowireMode=0; dependencyCheck=0; autowireCandidate=true; primary=false; factoryBeanName=null; factoryMethodName=null; initMethodName=null; destroyMethodName=null] of ServiceBean has been registered with name : ServiceBean:isvRemoteServiceProvider:com.rany.uic.api.facade.isv.IsvFacade, dubbo version: 2.6.2, current host: 172.20.10.9
[trace:] [2022-12-01 23:37:56.981] [main] [WARN] com.alibaba.dubbo.config.spring.beans.factory.annotation.ServiceAnnotationBeanPostProcessor:272 x:() -  [DUBBO] The Duplicated BeanDefinition[Root bean: class [com.alibaba.dubbo.config.spring.ServiceBean]; scope=; abstract=false; lazyInit=null; autowireMode=0; dependencyCheck=0; autowireCandidate=true; primary=false; factoryBeanName=null; factoryMethodName=null; initMethodName=null; destroyMethodName=null] of ServiceBean[ bean name : ServiceBean:isvRemoteServiceProvider:com.rany.uic.api.facade.isv.IsvFacade] was be found , Did @DubboComponentScan scan to same package in many times?, dubbo version: 2.6.2, current host: 172.20.10.9
[trace:] [2022-12-01 23:38:17.179] [background-preinit] [WARN] org.springframework.http.converter.json.Jackson2ObjectMapperBuilder:127 x:() - For Jackson Kotlin classes support please add "com.fasterxml.jackson.module:jackson-module-kotlin" to the classpath
[trace:] [2022-12-01 23:38:18.441] [main] [WARN] com.alibaba.dubbo.config.spring.beans.factory.annotation.ServiceAnnotationBeanPostProcessor:265 x:() -  [DUBBO] The BeanDefinition[Root bean: class [com.alibaba.dubbo.config.spring.ServiceBean]; scope=; abstract=false; lazyInit=null; autowireMode=0; dependencyCheck=0; autowireCandidate=true; primary=false; factoryBeanName=null; factoryMethodName=null; initMethodName=null; destroyMethodName=null] of ServiceBean has been registered with name : ServiceBean:isvRemoteServiceProvider:com.rany.uic.api.facade.isv.IsvFacade, dubbo version: 2.6.2, current host: 172.20.10.9
[trace:] [2022-12-01 23:38:18.458] [main] [WARN] com.alibaba.dubbo.config.spring.beans.factory.annotation.ServiceAnnotationBeanPostProcessor:272 x:() -  [DUBBO] The Duplicated BeanDefinition[Root bean: class [com.alibaba.dubbo.config.spring.ServiceBean]; scope=; abstract=false; lazyInit=null; autowireMode=0; dependencyCheck=0; autowireCandidate=true; primary=false; factoryBeanName=null; factoryMethodName=null; initMethodName=null; destroyMethodName=null] of ServiceBean[ bean name : ServiceBean:isvRemoteServiceProvider:com.rany.uic.api.facade.isv.IsvFacade] was be found , Did @DubboComponentScan scan to same package in many times?, dubbo version: 2.6.2, current host: 172.20.10.9
[trace:] [2022-12-01 23:39:35.355] [background-preinit] [WARN] org.springframework.http.converter.json.Jackson2ObjectMapperBuilder:127 x:() - For Jackson Kotlin classes support please add "com.fasterxml.jackson.module:jackson-module-kotlin" to the classpath
[trace:] [2022-12-01 23:39:37.504] [main] [WARN] com.alibaba.dubbo.config.spring.beans.factory.annotation.ServiceAnnotationBeanPostProcessor:265 x:() -  [DUBBO] The BeanDefinition[Root bean: class [com.alibaba.dubbo.config.spring.ServiceBean]; scope=; abstract=false; lazyInit=null; autowireMode=0; dependencyCheck=0; autowireCandidate=true; primary=false; factoryBeanName=null; factoryMethodName=null; initMethodName=null; destroyMethodName=null] of ServiceBean has been registered with name : ServiceBean:isvRemoteServiceProvider:com.rany.uic.api.facade.isv.IsvFacade, dubbo version: 2.6.2, current host: 172.20.10.9
[trace:] [2022-12-01 23:39:37.526] [main] [WARN] com.alibaba.dubbo.config.spring.beans.factory.annotation.ServiceAnnotationBeanPostProcessor:272 x:() -  [DUBBO] The Duplicated BeanDefinition[Root bean: class [com.alibaba.dubbo.config.spring.ServiceBean]; scope=; abstract=false; lazyInit=null; autowireMode=0; dependencyCheck=0; autowireCandidate=true; primary=false; factoryBeanName=null; factoryMethodName=null; initMethodName=null; destroyMethodName=null] of ServiceBean[ bean name : ServiceBean:isvRemoteServiceProvider:com.rany.uic.api.facade.isv.IsvFacade] was be found , Did @DubboComponentScan scan to same package in many times?, dubbo version: 2.6.2, current host: 172.20.10.9
